<?xml version="1.0" encoding="UTF-8"?>
<!-- Generated by org.testng.reporters.JUnitXMLReporter -->
<testsuite ignored="0" hostname="ndi-mb-152" failures="0" tests="1" name="Test" time="0.001" errors="0" timestamp="2024-02-14T12:49:12 IST">
  <testcase classname="utils.MainClass" name="@BeforeSuite setup" time="8.008">
    <failure type="org.openqa.selenium.SessionNotCreatedException" message="Could not start a new session. Possible causes are invalid address of the remote server or browser start-up failure. 
Host info: host: &amp;apos;ndi-mb-152&amp;apos;, ip: &amp;apos;fe80:0:0:0:105f:fa78:ef89:ee2c%en0&amp;apos;
Build info: version: &amp;apos;4.13.0&amp;apos;, revision: &amp;apos;ba948ece5b*&amp;apos;
System info: os.name: &amp;apos;Mac OS X&amp;apos;, os.arch: &amp;apos;x86_64&amp;apos;, os.version: &amp;apos;14.2&amp;apos;, java.version: &amp;apos;17.0.4&amp;apos;
Driver info: org.openqa.selenium.remote.RemoteWebDriver
Command: [null, newSession {capabilities=[Capabilities {acceptInsecureCerts: true, browserName: firefox, browserVersion: latest, moz:debuggerAddress: true, moz:firefoxOptions: {}, platformName: Windows 11, sauce:options: {accessKey: a8a17db8-3717-4911-a302-efa..., build: selenium-build-A0YJQ, name: First test on sauce labs, username: oauth-meghavivek1626-65656}}]}]
Capabilities {acceptInsecureCerts: true, browserName: firefox, browserVersion: latest, moz:debuggerAddress: true, moz:firefoxOptions: {}, platformName: Windows 11, sauce:options: {accessKey: a8a17db8-3717-4911-a302-efa..., build: selenium-build-A0YJQ, name: First test on sauce labs, username: oauth-meghavivek1626-65656}}">
      <![CDATA[org.openqa.selenium.SessionNotCreatedException: Could not start a new session. Possible causes are invalid address of the remote server or browser start-up failure. 
Host info: host: 'ndi-mb-152', ip: 'fe80:0:0:0:105f:fa78:ef89:ee2c%en0'
Build info: version: '4.13.0', revision: 'ba948ece5b*'
System info: os.name: 'Mac OS X', os.arch: 'x86_64', os.version: '14.2', java.version: '17.0.4'
Driver info: org.openqa.selenium.remote.RemoteWebDriver
Command: [null, newSession {capabilities=[Capabilities {acceptInsecureCerts: true, browserName: firefox, browserVersion: latest, moz:debuggerAddress: true, moz:firefoxOptions: {}, platformName: Windows 11, sauce:options: {accessKey: a8a17db8-3717-4911-a302-efa..., build: selenium-build-A0YJQ, name: First test on sauce labs, username: oauth-meghavivek1626-65656}}]}]
Capabilities {acceptInsecureCerts: true, browserName: firefox, browserVersion: latest, moz:debuggerAddress: true, moz:firefoxOptions: {}, platformName: Windows 11, sauce:options: {accessKey: a8a17db8-3717-4911-a302-efa..., build: selenium-build-A0YJQ, name: First test on sauce labs, username: oauth-meghavivek1626-65656}}
at org.openqa.selenium.remote.RemoteWebDriver.execute(RemoteWebDriver.java:620)
at org.openqa.selenium.remote.RemoteWebDriver.startSession(RemoteWebDriver.java:236)
at org.openqa.selenium.remote.RemoteWebDriver.<init>(RemoteWebDriver.java:163)
at org.openqa.selenium.remote.RemoteWebDriver.<init>(RemoteWebDriver.java:143)
at pages.BasePage.initDriver(BasePage.java:65)
at utils.MainClass.setup(MainClass.java:19)
Caused by: java.io.UncheckedIOException: java.net.UnknownHostException: ondemand.eu-central-1.saucelabs.com
at org.openqa.selenium.remote.http.netty.NettyHttpHandler.makeCall(NettyHttpHandler.java:73)
at org.openqa.selenium.remote.http.AddSeleniumUserAgent.lambda$apply$0(AddSeleniumUserAgent.java:42)
at org.openqa.selenium.remote.http.Filter.lambda$andFinally$1(Filter.java:55)
at org.openqa.selenium.remote.http.netty.NettyHttpHandler.execute(NettyHttpHandler.java:48)
at org.openqa.selenium.remote.http.netty.NettyClient.execute(NettyClient.java:96)
at org.openqa.selenium.remote.tracing.TracedHttpClient.execute(TracedHttpClient.java:54)
at org.openqa.selenium.remote.ProtocolHandshake.createSession(ProtocolHandshake.java:115)
at org.openqa.selenium.remote.ProtocolHandshake.createSession(ProtocolHandshake.java:96)
at org.openqa.selenium.remote.ProtocolHandshake.createSession(ProtocolHandshake.java:68)
at org.openqa.selenium.remote.HttpCommandExecutor.execute(HttpCommandExecutor.java:163)
at org.openqa.selenium.remote.TracedCommandExecutor.execute(TracedCommandExecutor.java:51)
at org.openqa.selenium.remote.RemoteWebDriver.execute(RemoteWebDriver.java:602)
... 28 more
Caused by: java.net.UnknownHostException: ondemand.eu-central-1.saucelabs.com
at java.base/java.net.InetAddress$CachedAddresses.get(InetAddress.java:801)
at java.base/java.net.InetAddress.getAllByName0(InetAddress.java:1519)
at java.base/java.net.InetAddress.getAllByName(InetAddress.java:1377)
at java.base/java.net.InetAddress.getAllByName(InetAddress.java:1305)
at io.netty.util.internal.SocketUtils$9.run(SocketUtils.java:169)
at io.netty.util.internal.SocketUtils$9.run(SocketUtils.java:166)
at java.base/java.security.AccessController.doPrivileged(AccessController.java:569)
at io.netty.util.internal.SocketUtils.allAddressesByName(SocketUtils.java:166)
at io.netty.resolver.DefaultNameResolver.doResolveAll(DefaultNameResolver.java:50)
at io.netty.resolver.SimpleNameResolver.resolveAll(SimpleNameResolver.java:79)
at io.netty.resolver.SimpleNameResolver.resolveAll(SimpleNameResolver.java:71)
at org.asynchttpclient.resolver.RequestHostnameResolver.resolve(RequestHostnameResolver.java:50)
at org.asynchttpclient.netty.request.NettyRequestSender.resolveAddresses(NettyRequestSender.java:364)
at org.asynchttpclient.netty.request.NettyRequestSender.sendRequestWithNewChannel(NettyRequestSender.java:307)
at org.asynchttpclient.netty.request.NettyRequestSender.sendRequestWithCertainForceConnect(NettyRequestSender.java:143)
at org.asynchttpclient.netty.request.NettyRequestSender.sendRequest(NettyRequestSender.java:114)
at org.asynchttpclient.DefaultAsyncHttpClient.execute(DefaultAsyncHttpClient.java:259)
at org.asynchttpclient.DefaultAsyncHttpClient.executeRequest(DefaultAsyncHttpClient.java:228)
at org.asynchttpclient.DefaultAsyncHttpClient.executeRequest(DefaultAsyncHttpClient.java:249)
at org.openqa.selenium.remote.http.netty.NettyHttpHandler.makeCall(NettyHttpHandler.java:55)
... 39 more
... Removed 23 stack frames]]>
    </failure>
  </testcase> <!-- @BeforeSuite setup -->
  <testcase classname="tests.Test2" name="tt2" time="0.0">
    <skipped/>
  </testcase> <!-- tt2 -->
</testsuite> <!-- Test -->
