<?xml version="1.0" encoding="UTF-8"?>
<testsuite xmlns:xsi="http://www.w3.org/2001/XMLSchema-instance" xsi:schemaLocation="https://maven.apache.org/surefire/maven-surefire-plugin/xsd/surefire-test-report.xsd" name="TestSuite" time="12.793" tests="2" errors="0" skipped="0" failures="2">
  <properties>
[...]
</properties>
  <testcase name="tt2" classname="tests.Test2" time="1.615">
    <failure message="no such element: Unable to locate element: {&quot;method&quot;:&quot;xpath&quot;,&quot;selector&quot;:&quot;//*[name()=&apos;path&apos; and contains(@d,&apos;M13 13v8h8&apos;)]&quot;}&#10;  (Session info: chrome=121.0.6167.160)&#10;For documentation on this error, please visit: https://www.selenium.dev/documentation/webdriver/troubleshooting/errors#no-such-element-exception&#10;Build info: version: &apos;4.13.0&apos;, revision: &apos;ba948ece5b*&apos;&#10;System info: os.name: &apos;Mac OS X&apos;, os.arch: &apos;x86_64&apos;, os.version: &apos;14.2&apos;, java.version: &apos;17.0.4&apos;&#10;Driver info: org.openqa.selenium.chrome.ChromeDriver&#10;Command: [89adbaedde9737ad40171aab12e1a087, findElement {using=xpath, value=//*[name()=&apos;path&apos; and contains(@d,&apos;M13 13v8h8&apos;)]}]&#10;Capabilities {acceptInsecureCerts: false, browserName: chrome, browserVersion: 121.0.6167.160, chrome: {chromedriverVersion: 121.0.6167.85 (3f98d690ad7e..., userDataDir: /var/folders/yy/8gq7jrg13jb...}, fedcm:accounts: true, goog:chromeOptions: {debuggerAddress: localhost:57961}, networkConnectionEnabled: false, pageLoadStrategy: normal, platformName: mac, proxy: Proxy(), se:cdp: ws://localhost:57961/devtoo..., se:cdpVersion: 121.0.6167.160, setWindowRect: true, strictFileInteractability: false, timeouts: {implicit: 0, pageLoad: 300000, script: 30000}, unhandledPromptBehavior: dismiss and notify, webauthn:extension:credBlob: true, webauthn:extension:largeBlob: true, webauthn:extension:minPinLength: true, webauthn:extension:prf: true, webauthn:virtualAuthenticators: true}&#10;Session ID: 89adbaedde9737ad40171aab12e1a087" type="org.openqa.selenium.NoSuchElementException">org.openqa.selenium.NoSuchElementException: 
no such element: Unable to locate element: {"method":"xpath","selector":"//*[name()='path' and contains(@d,'M13 13v8h8')]"}
  (Session info: chrome=121.0.6167.160)
For documentation on this error, please visit: https://www.selenium.dev/documentation/webdriver/troubleshooting/errors#no-such-element-exception
Build info: version: '4.13.0', revision: 'ba948ece5b*'
System info: os.name: 'Mac OS X', os.arch: 'x86_64', os.version: '14.2', java.version: '17.0.4'
Driver info: org.openqa.selenium.chrome.ChromeDriver
Command: [89adbaedde9737ad40171aab12e1a087, findElement {using=xpath, value=//*[name()='path' and contains(@d,'M13 13v8h8')]}]
Capabilities {acceptInsecureCerts: false, browserName: chrome, browserVersion: 121.0.6167.160, chrome: {chromedriverVersion: 121.0.6167.85 (3f98d690ad7e..., userDataDir: /var/folders/yy/8gq7jrg13jb...}, fedcm:accounts: true, goog:chromeOptions: {debuggerAddress: localhost:57961}, networkConnectionEnabled: false, pageLoadStrategy: normal, platformName: mac, proxy: Proxy(), se:cdp: ws://localhost:57961/devtoo..., se:cdpVersion: 121.0.6167.160, setWindowRect: true, strictFileInteractability: false, timeouts: {implicit: 0, pageLoad: 300000, script: 30000}, unhandledPromptBehavior: dismiss and notify, webauthn:extension:credBlob: true, webauthn:extension:largeBlob: true, webauthn:extension:minPinLength: true, webauthn:extension:prf: true, webauthn:virtualAuthenticators: true}
Session ID: 89adbaedde9737ad40171aab12e1a087
	at tests.Test2.tt2(Test2.java:14)
</failure>
    <system-out><![CDATA[2024/02/15 14:35:06 ----Broweser is : chrome]]></system-out>
    <system-err><![CDATA[SLF4J: No SLF4J providers were found.
SLF4J: Defaulting to no-operation (NOP) logger implementation
SLF4J: See https://www.slf4j.org/codes.html#noProviders for further details.
Feb 15, 2024 2:35:10 PM org.openqa.selenium.devtools.CdpVersionFinder findNearestMatch
WARNING: Unable to find an exact match for CDP version 121, so returning the closest version found: 117
]]></system-err>
  </testcase>
  <testcase name="tt2" classname="tests.Test2" time="2.681">
    <failure message="Unable to locate element: //*[name()=&apos;path&apos; and contains(@d,&apos;M13 13v8h8&apos;)]&#10;For documentation on this error, please visit: https://www.selenium.dev/documentation/webdriver/troubleshooting/errors#no-such-element-exception&#10;Build info: version: &apos;4.13.0&apos;, revision: &apos;ba948ece5b*&apos;&#10;System info: os.name: &apos;Mac OS X&apos;, os.arch: &apos;x86_64&apos;, os.version: &apos;14.2&apos;, java.version: &apos;17.0.4&apos;&#10;Driver info: org.openqa.selenium.firefox.FirefoxDriver&#10;Command: [8d8ad034-6d71-4685-af67-990767b0fcab, findElement {using=xpath, value=//*[name()=&apos;path&apos; and contains(@d,&apos;M13 13v8h8&apos;)]}]&#10;Capabilities {acceptInsecureCerts: true, browserName: firefox, browserVersion: 122.0.1, moz:accessibilityChecks: false, moz:buildID: 20240205133611, moz:debuggerAddress: 127.0.0.1:8319, moz:geckodriverVersion: 0.34.0, moz:headless: false, moz:platformVersion: 23.2.0, moz:processID: 21092, moz:profile: /var/folders/yy/8gq7jrg13jb..., moz:shutdownTimeout: 60000, moz:webdriverClick: true, moz:windowless: false, pageLoadStrategy: normal, platformName: mac, proxy: Proxy(), se:cdp: ws://127.0.0.1:8319/devtool..., se:cdpVersion: 85.0, setWindowRect: true, strictFileInteractability: false, timeouts: {implicit: 0, pageLoad: 300000, script: 30000}, unhandledPromptBehavior: dismiss and notify}&#10;Session ID: 8d8ad034-6d71-4685-af67-990767b0fcab" type="org.openqa.selenium.NoSuchElementException">org.openqa.selenium.NoSuchElementException: 
Unable to locate element: //*[name()='path' and contains(@d,'M13 13v8h8')]
For documentation on this error, please visit: https://www.selenium.dev/documentation/webdriver/troubleshooting/errors#no-such-element-exception
Build info: version: '4.13.0', revision: 'ba948ece5b*'
System info: os.name: 'Mac OS X', os.arch: 'x86_64', os.version: '14.2', java.version: '17.0.4'
Driver info: org.openqa.selenium.firefox.FirefoxDriver
Command: [8d8ad034-6d71-4685-af67-990767b0fcab, findElement {using=xpath, value=//*[name()='path' and contains(@d,'M13 13v8h8')]}]
Capabilities {acceptInsecureCerts: true, browserName: firefox, browserVersion: 122.0.1, moz:accessibilityChecks: false, moz:buildID: 20240205133611, moz:debuggerAddress: 127.0.0.1:8319, moz:geckodriverVersion: 0.34.0, moz:headless: false, moz:platformVersion: 23.2.0, moz:processID: 21092, moz:profile: /var/folders/yy/8gq7jrg13jb..., moz:shutdownTimeout: 60000, moz:webdriverClick: true, moz:windowless: false, pageLoadStrategy: normal, platformName: mac, proxy: Proxy(), se:cdp: ws://127.0.0.1:8319/devtool..., se:cdpVersion: 85.0, setWindowRect: true, strictFileInteractability: false, timeouts: {implicit: 0, pageLoad: 300000, script: 30000}, unhandledPromptBehavior: dismiss and notify}
Session ID: 8d8ad034-6d71-4685-af67-990767b0fcab
	at tests.Test2.tt2(Test2.java:14)
</failure>
    <system-out><![CDATA[2024/02/15 14:35:11 ----Broweser is : firefox]]></system-out>
  </testcase>
</testsuite>